<?xml version="1.0" encoding="UTF-8"?>
<!-- Generated by org.testng.reporters.JUnitReportReporter -->
<testsuite hostname="DESKTOP-DJ4FDME" failures="0" tests="7" name="demoTestNG.TestScenario2" time="0.008" errors="0" timestamp="2024-07-09T21:00:00 IST" skipped="1">
  <testcase classname="demoTestNG.TestScenario2" name="forth_testcase" time="0.001"/>
  <testcase classname="demoTestNG.TestScenario2" name="first_testcase" time="0.001"/>
  <testcase classname="demoTestNG.TestScenario2" name="fifth_testcase" time="0.002"/>
  <testcase classname="demoTestNG.TestScenario2" name="seven_testcase" time="0.002"/>
  <testcase classname="demoTestNG.TestScenario2" name="second_testcase" time="0.001"/>
  <testcase classname="demoTestNG.TestScenario2" name="sixth_testcase" time="0.001"/>
  <testcase classname="demoTestNG.TestScenario2" name="third_testcase">
    <skipped/>
  </testcase> <!-- third_testcase -->
</testsuite> <!-- demoTestNG.TestScenario2 -->
