<?xml version="1.0" encoding="UTF-8"?>
<!-- Generated by org.testng.reporters.JUnitReportReporter -->
<testsuite hostname="DESKTOP-DJ4FDME" failures="0" tests="7" name="demoTestNG.TestScenario6" time="0.017" errors="0" timestamp="2024-07-09T21:00:00 IST" skipped="0">
  <testcase classname="demoTestNG.TestScenario6" name="forth_testcase" time="0.006"/>
  <testcase classname="demoTestNG.TestScenario6" name="fifth_testcase" time="0.004"/>
  <testcase classname="demoTestNG.TestScenario6" name="first_testcase" time="0.001"/>
  <testcase classname="demoTestNG.TestScenario6" name="third_testcase" time="0.001"/>
  <testcase classname="demoTestNG.TestScenario6" name="second_testcase" time="0.002"/>
  <testcase classname="demoTestNG.TestScenario6" name="sixth_testcase" time="0.001"/>
  <testcase classname="demoTestNG.TestScenario6" name="seven_testcase" time="0.002"/>
</testsuite> <!-- demoTestNG.TestScenario6 -->
