<?xml version="1.0" encoding="UTF-8"?>
<!-- Generated by org.testng.reporters.JUnitReportReporter -->
<testsuite hostname="DESKTOP-DJ4FDME" failures="0" tests="3" name="org.wipro.auto.uo.testcases.TS01_TestScenario_DDF" time="13.651" errors="0" timestamp="2024-07-29T20:58:07 IST" skipped="0">
  <testcase classname="org.wipro.auto.uo.testcases.TS01_TestScenario_DDF" name="tc01_validatevalidcrednloginfunc" time="5.061"/>
  <testcase classname="org.wipro.auto.uo.testcases.TS01_TestScenario_DDF" name="tc01_validatevalidcrednloginfunc" time="4.609"/>
  <testcase classname="org.wipro.auto.uo.testcases.TS01_TestScenario_DDF" name="tc01_validatevalidcrednloginfunc" time="3.981"/>
</testsuite> <!-- org.wipro.auto.uo.testcases.TS01_TestScenario_DDF -->
