<?xml version="1.0" encoding="UTF-8"?>
<!-- Generated by org.testng.reporters.JUnitReportReporter -->
<testsuite hostname="DESKTOP-DJ4FDME" failures="0" tests="1" name="org.wipro.auto.uo.testcases.TS01_TestScenario" time="3.634" errors="0" timestamp="2024-07-26T21:07:23 IST" skipped="0">
  <testcase classname="org.wipro.auto.uo.testcases.TS01_TestScenario" name="tc01_validatevalidcrednloginfunc" time="3.634"/>
</testsuite> <!-- org.wipro.auto.uo.testcases.TS01_TestScenario -->
