<?xml version="1.0" encoding="UTF-8"?>
<!-- Generated by org.testng.reporters.JUnitReportReporter -->
<testsuite hostname="DESKTOP-DJ4FDME" failures="0" tests="7" name="demoTestNG.TestScenario3" time="0.030" errors="0" timestamp="2024-07-09T21:07:52 IST" skipped="0">
  <testcase classname="demoTestNG.TestScenario3" name="fifth_testcase" time="0.015"/>
  <testcase classname="demoTestNG.TestScenario3" name="forth_testcase" time="0.009"/>
  <testcase classname="demoTestNG.TestScenario3" name="third_testcase" time="0.002"/>
  <testcase classname="demoTestNG.TestScenario3" name="seven_testcase" time="0.001"/>
  <testcase classname="demoTestNG.TestScenario3" name="second_testcase" time="0.001"/>
  <testcase classname="demoTestNG.TestScenario3" name="sixth_testcase" time="0.001"/>
  <testcase classname="demoTestNG.TestScenario3" name="first_testcase" time="0.001"/>
</testsuite> <!-- demoTestNG.TestScenario3 -->
