<?xml version="1.0" encoding="UTF-8"?>
<!-- Generated by org.testng.reporters.JUnitReportReporter -->
<testsuite hostname="DESKTOP-DJ4FDME" failures="0" tests="4" name="org.xyz.automation.fb.KeyboardMouse" time="14.747" errors="0" timestamp="2024-07-24T21:21:02 IST" skipped="3">
  <testcase classname="org.xyz.automation.fb.KeyboardMouse" name="handleFrames" time="14.747"/>
  <testcase classname="org.xyz.automation.fb.KeyboardMouse" name="handlekeyboard">
    <skipped/>
  </testcase> <!-- handlekeyboard -->
  <testcase classname="org.xyz.automation.fb.KeyboardMouse" name="handlemouse">
    <skipped/>
  </testcase> <!-- handlemouse -->
  <testcase classname="org.xyz.automation.fb.KeyboardMouse" name="handleAlerts">
    <skipped/>
  </testcase> <!-- handleAlerts -->
</testsuite> <!-- org.xyz.automation.fb.KeyboardMouse -->
