<?xml version="1.0" encoding="UTF-8"?>
<!-- Generated by org.testng.reporters.JUnitReportReporter -->
<testsuite hostname="DESKTOP-DJ4FDME" failures="0" tests="1" name="org.wipro.auto.uo.testcases.TS02_TestScenario_SignUp" time="4.206" errors="0" timestamp="2024-07-26T21:20:48 IST" skipped="0">
  <testcase classname="org.wipro.auto.uo.testcases.TS02_TestScenario_SignUp" name="tc01_validatesignupfunc" time="4.206"/>
</testsuite> <!-- org.wipro.auto.uo.testcases.TS02_TestScenario_SignUp -->
