<?xml version="1.0" encoding="UTF-8"?>
<!-- Generated by org.testng.reporters.JUnitReportReporter -->
<testsuite hostname="DESKTOP-DJ4FDME" failures="0" tests="2" name="org.xyz.automation.fb.BrowserControl" time="8.183" errors="0" timestamp="2024-07-22T21:05:24 IST" skipped="1">
  <testcase classname="org.xyz.automation.fb.BrowserControl" name="testingworld" time="8.183"/>
  <testcase classname="org.xyz.automation.fb.BrowserControl" name="launchBrowser">
    <skipped/>
  </testcase> <!-- launchBrowser -->
</testsuite> <!-- org.xyz.automation.fb.BrowserControl -->
