<?xml version="1.0" encoding="UTF-8"?>
<!-- Generated by org.testng.reporters.JUnitReportReporter -->
<testsuite hostname="DESKTOP-DJ4FDME" failures="0" tests="7" name="demoTestNG.TestScenario10" time="0.018" errors="0" timestamp="2024-07-09T21:00:00 IST" skipped="0">
  <testcase classname="demoTestNG.TestScenario10" name="third_testcase" time="0.002"/>
  <testcase classname="demoTestNG.TestScenario10" name="seven_testcase" time="0.002"/>
  <testcase classname="demoTestNG.TestScenario10" name="forth_testcase" time="0.002"/>
  <testcase classname="demoTestNG.TestScenario10" name="fifth_testcase" time="0.003"/>
  <testcase classname="demoTestNG.TestScenario10" name="second_testcase" time="0.004"/>
  <testcase classname="demoTestNG.TestScenario10" name="sixth_testcase" time="0.002"/>
  <testcase classname="demoTestNG.TestScenario10" name="first_testcase" time="0.003"/>
</testsuite> <!-- demoTestNG.TestScenario10 -->
