<?xml version="1.0" encoding="UTF-8"?>
<!-- Generated by org.testng.reporters.JUnitReportReporter -->
<testsuite hostname="DESKTOP-DJ4FDME" failures="0" tests="2" name="org.xyz.automation.fb.TS01_TestScenario" time="13.311" errors="0" timestamp="2024-07-12T21:21:46 IST" skipped="0">
  <testcase classname="org.xyz.automation.fb.TS01_TestScenario" name="validate_signup_func" time="8.506"/>
  <testcase classname="org.xyz.automation.fb.TS01_TestScenario" name="validate_login_func" time="4.805"/>
</testsuite> <!-- org.xyz.automation.fb.TS01_TestScenario -->
