<?xml version="1.0" encoding="UTF-8"?>
<!-- Generated by org.testng.reporters.JUnitReportReporter -->
<testsuite hostname="DESKTOP-DJ4FDME" failures="0" tests="1" name="demoTestNG.TestScenario9" time="0.001" errors="0" timestamp="2024-07-09T21:15:04 IST" skipped="0">
  <testcase classname="demoTestNG.TestScenario9" name="sixth_testcase" time="0.001"/>
</testsuite> <!-- demoTestNG.TestScenario9 -->
