<?xml version="1.0" encoding="UTF-8"?>
<!-- Generated by org.testng.reporters.JUnitReportReporter -->
<testsuite hostname="DESKTOP-DJ4FDME" failures="0" tests="1" name="demoTestNG.TestScenario7" time="0.003" errors="0" timestamp="2024-07-09T21:15:04 IST" skipped="0">
  <testcase classname="demoTestNG.TestScenario7" name="second_testcase" time="0.003"/>
</testsuite> <!-- demoTestNG.TestScenario7 -->
